2021/08/01 18:14:08 INFO: ****************************************
2021/08/01 18:14:08 INFO: START OF TEST SUITE
2021/08/01 18:14:08 INFO: Config: config/config.ini
2021/08/01 18:14:08 INFO: Number of Tries: 3
2021/08/01 18:14:08 INFO: Log: log/zarbat.log
2021/08/01 18:14:08 INFO: Tests: [pause][play][gather][hangup][playlastrecording][ping][record][redirect][reject][say][sms]
2021/08/01 18:14:08 INFO: .........................................
2021/08/01 18:14:16 INFO: * Feature/Scenario: PAUSE - Status: OK
2021/08/01 18:14:46 INFO: * Feature/Scenario: PLAY - Status: OK
2021/08/01 18:15:01 INFO: * Feature/Scenario: GATHER - Status: OK
2021/08/01 18:15:13 INFO: * Feature/Scenario: HANGUP - Status: OK
2021/08/01 18:17:23 INFO: * Feature/Scenario: PLAYLASTRECORDING - Status: Not OK
2021/08/01 18:17:54 INFO: ****************************************
2021/08/01 18:17:54 INFO: START OF TEST SUITE
2021/08/01 18:17:54 INFO: Config: config/config.ini
2021/08/01 18:17:54 INFO: Number of Tries: 3
2021/08/01 18:17:54 INFO: Log: log/zarbat.log
2021/08/01 18:17:54 INFO: Tests: [playlastrecording]
2021/08/01 18:17:54 INFO: .........................................
2021/08/01 18:21:07 INFO: ****************************************
2021/08/01 18:21:07 INFO: START OF TEST SUITE
2021/08/01 18:21:07 INFO: Config: config/config.ini
2021/08/01 18:21:07 INFO: Number of Tries: 3
2021/08/01 18:21:07 INFO: Log: log/zarbat.log
2021/08/01 18:21:07 INFO: Tests: [playlastrecording]
2021/08/01 18:21:07 INFO: .........................................
2021/08/01 18:23:11 INFO: * Feature/Scenario: PLAYLASTRECORDING - Status: Not OK
2021/08/01 18:23:49 INFO: ****************************************
2021/08/01 18:23:49 INFO: START OF TEST SUITE
2021/08/01 18:23:49 INFO: Config: config/config.ini
2021/08/01 18:23:49 INFO: Number of Tries: 3
2021/08/01 18:23:49 INFO: Log: log/zarbat.log
2021/08/01 18:23:49 INFO: Tests: [playlastrecording]
2021/08/01 18:23:49 INFO: .........................................
2021/08/01 18:25:40 INFO: ****************************************
2021/08/01 18:25:40 INFO: START OF TEST SUITE
2021/08/01 18:25:40 INFO: Config: config/config.ini
2021/08/01 18:25:40 INFO: Number of Tries: 3
2021/08/01 18:25:40 INFO: Log: log/zarbat.log
2021/08/01 18:25:40 INFO: Tests: [pause][play][gather][hangup][playlastrecording][ping][record][redirect][reject][say][sms]
2021/08/01 18:25:40 INFO: .........................................
2021/08/01 18:25:48 INFO: * Feature/Scenario: PAUSE - Status: OK
2021/08/01 18:26:20 INFO: * Feature/Scenario: PLAY - Status: OK
2021/08/01 18:27:27 INFO: * Feature/Scenario: GATHER - Status: Not OK
2021/08/01 18:28:33 INFO: * Feature/Scenario: GATHER - Status: Not OK
2021/08/01 18:29:40 INFO: * Feature/Scenario: GATHER - Status: Not OK
2021/08/01 18:29:53 INFO: * Feature/Scenario: HANGUP - Status: OK
2021/08/01 18:32:02 INFO: * Feature/Scenario: PLAYLASTRECORDING - Status: Not OK
2021/08/01 18:32:56 INFO: ****************************************
2021/08/01 18:32:56 INFO: START OF TEST SUITE
2021/08/01 18:32:56 INFO: Config: config/config.ini
2021/08/01 18:32:56 INFO: Number of Tries: 3
2021/08/01 18:32:56 INFO: Log: log/zarbat.log
2021/08/01 18:32:56 INFO: Tests: [gather]
2021/08/01 18:32:56 INFO: .........................................
2021/08/01 18:33:58 INFO: * Feature/Scenario: GATHER - Status: Not OK
2021/08/01 18:35:10 INFO: ****************************************
2021/08/01 18:35:10 INFO: START OF TEST SUITE
2021/08/01 18:35:10 INFO: Config: config/config.ini
2021/08/01 18:35:10 INFO: Number of Tries: 3
2021/08/01 18:35:10 INFO: Log: log/zarbat.log
2021/08/01 18:35:10 INFO: Tests: [gather]
2021/08/01 18:35:10 INFO: .........................................
2021/08/01 18:35:20 INFO: * Feature/Scenario: GATHER - Status: OK
2021/08/01 18:35:25 INFO: ...END OF TEST SUITE
2021/08/01 18:35:34 INFO: ****************************************
2021/08/01 18:35:34 INFO: START OF TEST SUITE
2021/08/01 18:35:34 INFO: Config: config/config.ini
2021/08/01 18:35:34 INFO: Number of Tries: 3
2021/08/01 18:35:34 INFO: Log: log/zarbat.log
2021/08/01 18:35:34 INFO: Tests: [gather][gather][gather][gather][gather][gather][gather]
2021/08/01 18:35:34 INFO: .........................................
2021/08/01 18:35:43 INFO: * Feature/Scenario: GATHER - Status: OK
2021/08/01 18:35:58 INFO: * Feature/Scenario: GATHER - Status: OK
2021/08/01 18:36:12 INFO: * Feature/Scenario: GATHER - Status: OK
2021/08/01 18:36:26 INFO: * Feature/Scenario: GATHER - Status: OK
2021/08/01 18:36:41 INFO: * Feature/Scenario: GATHER - Status: OK
2021/08/01 18:36:56 INFO: * Feature/Scenario: GATHER - Status: OK
2021/08/01 18:37:10 INFO: * Feature/Scenario: GATHER - Status: OK
2021/08/01 18:37:15 INFO: ...END OF TEST SUITE
2021/08/01 20:09:33 INFO: ****************************************
2021/08/01 20:09:33 INFO: START OF TEST SUITE
2021/08/01 20:09:33 INFO: Config: config/config.ini
2021/08/01 20:09:33 INFO: Number of Tries: 3
2021/08/01 20:09:33 INFO: Log: log/zarbat.log
2021/08/01 20:09:33 INFO: Tests: [say][gather][say][gather][say][gather]
2021/08/01 20:09:33 INFO: .........................................
2021/08/01 20:09:44 INFO: * Feature/Scenario: SAY - Status: OK
2021/08/01 20:09:58 INFO: * Feature/Scenario: GATHER - Status: OK
2021/08/01 20:10:13 INFO: * Feature/Scenario: SAY - Status: OK
2021/08/01 20:10:28 INFO: * Feature/Scenario: GATHER - Status: OK
2021/08/01 20:10:43 INFO: * Feature/Scenario: SAY - Status: OK
2021/08/01 20:10:58 INFO: * Feature/Scenario: GATHER - Status: OK
2021/08/01 20:11:03 INFO: ...END OF TEST SUITE
2021/08/01 20:11:19 INFO: ****************************************
2021/08/01 20:11:19 INFO: START OF TEST SUITE
2021/08/01 20:11:19 INFO: Config: config/config.ini
2021/08/01 20:11:19 INFO: Number of Tries: 3
2021/08/01 20:11:19 INFO: Log: log/zarbat.log
2021/08/01 20:11:19 INFO: Tests: [pause][play][gather][hangup][ping][redirect][reject][say][sms]
2021/08/01 20:11:19 INFO: .........................................
2021/08/01 20:11:27 INFO: * Feature/Scenario: PAUSE - Status: OK
2021/08/01 20:11:59 INFO: * Feature/Scenario: PLAY - Status: OK
2021/08/01 20:12:14 INFO: * Feature/Scenario: GATHER - Status: OK
2021/08/01 20:12:27 INFO: * Feature/Scenario: HANGUP - Status: OK
2021/08/01 20:12:36 INFO: * Feature/Scenario: PING - Status: OK
2021/08/01 20:12:45 INFO: * Feature/Scenario: REDIRECT - Status: OK
2021/08/01 20:12:58 INFO: * Feature/Scenario: REJECT - Status: OK
2021/08/01 20:13:12 INFO: * Feature/Scenario: SAY - Status: Not OK
2021/08/01 20:13:27 INFO: * Feature/Scenario: SAY - Status: OK
2021/08/01 20:13:39 INFO: * Feature/Scenario: SMS - Status: OK
2021/08/01 20:13:44 INFO: ...END OF TEST SUITE
2021/08/01 20:13:57 INFO: ****************************************
2021/08/01 20:13:57 INFO: START OF TEST SUITE
2021/08/01 20:13:57 INFO: Config: config/config.ini
2021/08/01 20:13:57 INFO: Number of Tries: 3
2021/08/01 20:13:57 INFO: Log: log/zarbat.log
2021/08/01 20:13:57 INFO: Tests: [pause][play][gather][hangup][ping][redirect][reject][say][sms][record]
2021/08/01 20:13:57 INFO: .........................................
2021/08/01 20:14:04 INFO: * Feature/Scenario: PAUSE - Status: OK
2021/08/01 20:14:35 INFO: * Feature/Scenario: PLAY - Status: OK
2021/08/01 20:14:50 INFO: * Feature/Scenario: GATHER - Status: OK
2021/08/01 20:15:02 INFO: * Feature/Scenario: HANGUP - Status: OK
2021/08/01 20:15:11 INFO: * Feature/Scenario: PING - Status: OK
2021/08/01 20:15:21 INFO: * Feature/Scenario: REDIRECT - Status: OK
2021/08/01 20:15:33 INFO: * Feature/Scenario: REJECT - Status: OK
2021/08/01 20:15:48 INFO: * Feature/Scenario: SAY - Status: OK
2021/08/01 20:15:57 INFO: * Feature/Scenario: SMS - Status: OK
2021/08/01 20:16:20 INFO: * Feature/Scenario: RECORD - Status: OK
2021/08/01 20:16:25 INFO: ...END OF TEST SUITE
2021/08/01 20:17:23 INFO: ****************************************
2021/08/01 20:17:23 INFO: START OF TEST SUITE
2021/08/01 20:17:23 INFO: Config: config/config.ini
2021/08/01 20:17:23 INFO: Number of Tries: 3
2021/08/01 20:17:23 INFO: Log: log/zarbat.log
2021/08/01 20:17:23 INFO: Tests: [pause][play][gather][hangup][ping][redirect][reject][say][sms][record][playlastrecording]
2021/08/01 20:17:23 INFO: .........................................
2021/08/01 20:17:31 INFO: * Feature/Scenario: PAUSE - Status: OK
2021/08/01 20:18:01 INFO: * Feature/Scenario: PLAY - Status: OK
2021/08/01 20:18:15 INFO: * Feature/Scenario: GATHER - Status: OK
2021/08/01 20:18:28 INFO: * Feature/Scenario: HANGUP - Status: OK
2021/08/01 20:18:36 INFO: * Feature/Scenario: PING - Status: OK
2021/08/01 20:18:46 INFO: * Feature/Scenario: REDIRECT - Status: OK
2021/08/01 20:19:01 INFO: * Feature/Scenario: REJECT - Status: OK
2021/08/01 20:19:16 INFO: * Feature/Scenario: SAY - Status: OK
2021/08/01 20:19:25 INFO: * Feature/Scenario: SMS - Status: OK
2021/08/01 20:19:47 INFO: * Feature/Scenario: RECORD - Status: OK
2021/08/01 20:21:08 INFO: * Feature/Scenario: PLAYLASTRECORDING - Status: Not OK
2021/08/01 20:21:33 INFO: * Feature/Scenario: PLAYLASTRECORDING - Status: OK
2021/08/01 20:21:38 INFO: ...END OF TEST SUITE
2021/08/01 20:22:09 INFO: ****************************************
2021/08/01 20:22:09 INFO: START OF TEST SUITE
2021/08/01 20:22:09 INFO: Config: config/config.ini
2021/08/01 20:22:09 INFO: Number of Tries: 3
2021/08/01 20:22:09 INFO: Log: log/zarbat.log
2021/08/01 20:22:09 INFO: Tests: [playlastrecording][playlastrecording][playlastrecording][playlastrecording][playlastrecording][playlastrecording][playlastrecording][playlastrecording][playlastrecording][playlastrecording][playlastrecording]
2021/08/01 20:22:09 INFO: .........................................
2021/08/01 20:22:19 INFO: * Feature/Scenario: PLAYLASTRECORDING - Status: OK
2021/08/01 20:22:37 INFO: * Feature/Scenario: PLAYLASTRECORDING - Status: OK
2021/08/01 20:22:59 INFO: * Feature/Scenario: PLAYLASTRECORDING - Status: OK
2021/08/01 20:23:21 INFO: * Feature/Scenario: PLAYLASTRECORDING - Status: OK
2021/08/01 20:23:36 INFO: * Feature/Scenario: PLAYLASTRECORDING - Status: OK
2021/08/01 20:24:05 INFO: * Feature/Scenario: PLAYLASTRECORDING - Status: OK
2021/08/01 20:24:31 INFO: * Feature/Scenario: PLAYLASTRECORDING - Status: OK
2021/08/01 20:24:56 INFO: * Feature/Scenario: PLAYLASTRECORDING - Status: OK
2021/08/01 20:25:18 INFO: * Feature/Scenario: PLAYLASTRECORDING - Status: OK
2021/08/01 20:26:00 INFO: * Feature/Scenario: PLAYLASTRECORDING - Status: OK
2021/08/01 20:26:11 INFO: * Feature/Scenario: PLAYLASTRECORDING - Status: OK
2021/08/01 20:26:16 INFO: ...END OF TEST SUITE
2021/08/01 20:29:35 INFO: ****************************************
2021/08/01 20:29:35 INFO: START OF TEST SUITE
2021/08/01 20:29:35 INFO: Config: config/config.ini
2021/08/01 20:29:35 INFO: Number of Tries: 3
2021/08/01 20:29:35 INFO: Log: log/zarbat.log
2021/08/01 20:29:35 INFO: Tests: [playlastrecording][record][playlastrecording][record][playlastrecording][record][playlastrecording][record][playlastrecording][record][playlastrecording][record][playlastrecording][record][playlastrecording][record][playlastrecording][record]
2021/08/01 20:29:35 INFO: .........................................
2021/08/01 20:30:51 INFO: * Feature/Scenario: PLAYLASTRECORDING - Status: Not OK
2021/08/01 20:31:57 INFO: * Feature/Scenario: PLAYLASTRECORDING - Status: OK
2021/08/01 20:32:17 INFO: * Feature/Scenario: RECORD - Status: OK
2021/08/01 20:32:48 INFO: * Feature/Scenario: PLAYLASTRECORDING - Status: OK
2021/08/01 20:33:07 INFO: * Feature/Scenario: RECORD - Status: OK
2021/08/01 20:33:29 INFO: * Feature/Scenario: PLAYLASTRECORDING - Status: OK
2021/08/01 20:33:49 INFO: * Feature/Scenario: RECORD - Status: OK
2021/08/01 20:34:33 INFO: * Feature/Scenario: PLAYLASTRECORDING - Status: OK
2021/08/01 20:34:40 INFO: * Feature/Scenario: RECORD - Status: OK
2021/08/01 20:35:02 INFO: * Feature/Scenario: PLAYLASTRECORDING - Status: OK
2021/08/01 20:35:22 INFO: * Feature/Scenario: RECORD - Status: OK
2021/08/01 20:35:44 INFO: * Feature/Scenario: PLAYLASTRECORDING - Status: OK
2021/08/01 20:36:03 INFO: * Feature/Scenario: RECORD - Status: OK
2021/08/01 20:36:38 INFO: * Feature/Scenario: PLAYLASTRECORDING - Status: OK
2021/08/01 20:36:54 INFO: * Feature/Scenario: RECORD - Status: OK
2021/08/01 20:37:31 INFO: * Feature/Scenario: PLAYLASTRECORDING - Status: OK
2021/08/01 20:37:45 INFO: * Feature/Scenario: RECORD - Status: OK
2021/08/01 20:38:20 INFO: * Feature/Scenario: PLAYLASTRECORDING - Status: OK
2021/08/01 20:38:38 INFO: * Feature/Scenario: RECORD - Status: OK
2021/08/01 20:38:43 INFO: ...END OF TEST SUITE
2021/08/01 20:39:25 INFO: ****************************************
2021/08/01 20:39:25 INFO: START OF TEST SUITE
2021/08/01 20:39:25 INFO: Config: config/config.ini
2021/08/01 20:39:25 INFO: Number of Tries: 3
2021/08/01 20:39:25 INFO: Log: log/zarbat.log
2021/08/01 20:39:25 INFO: Tests: [pause][play][gather][hangup][ping][redirect][reject][say][sms][record][playlastrecording][pause][play][gather][hangup][ping][redirect][reject][say][sms][record][playlastrecording][pause][play][gather][hangup][ping][redirect][reject][say][sms][record][playlastrecording]
2021/08/01 20:39:25 INFO: .........................................
2021/08/01 20:39:33 INFO: * Feature/Scenario: PAUSE - Status: OK
2021/08/01 20:40:05 INFO: * Feature/Scenario: PLAY - Status: OK
2021/08/01 20:40:20 INFO: * Feature/Scenario: GATHER - Status: OK
2021/08/01 20:40:32 INFO: * Feature/Scenario: HANGUP - Status: OK
2021/08/01 20:40:41 INFO: * Feature/Scenario: PING - Status: OK
2021/08/01 20:40:52 INFO: * Feature/Scenario: REDIRECT - Status: OK
2021/08/01 20:41:08 INFO: * Feature/Scenario: REJECT - Status: OK
2021/08/01 20:41:23 INFO: * Feature/Scenario: SAY - Status: OK
2021/08/01 20:41:31 INFO: * Feature/Scenario: SMS - Status: OK
2021/08/01 20:41:51 INFO: * Feature/Scenario: RECORD - Status: OK
2021/08/01 20:43:11 INFO: * Feature/Scenario: PLAYLASTRECORDING - Status: Not OK
2021/08/01 20:44:03 INFO: * Feature/Scenario: PLAYLASTRECORDING - Status: OK
2021/08/01 20:44:15 INFO: * Feature/Scenario: PAUSE - Status: OK
2021/08/01 20:44:45 INFO: * Feature/Scenario: PLAY - Status: OK
2021/08/01 20:45:00 INFO: * Feature/Scenario: GATHER - Status: OK
2021/08/01 20:45:13 INFO: * Feature/Scenario: HANGUP - Status: OK
2021/08/01 20:45:22 INFO: * Feature/Scenario: PING - Status: OK
2021/08/01 20:45:32 INFO: * Feature/Scenario: REDIRECT - Status: OK
2021/08/01 20:45:52 INFO: * Feature/Scenario: REJECT - Status: OK
2021/08/01 20:46:08 INFO: * Feature/Scenario: SAY - Status: OK
2021/08/01 20:46:22 INFO: * Feature/Scenario: SMS - Status: OK
2021/08/01 20:46:41 INFO: * Feature/Scenario: RECORD - Status: OK
2021/08/01 20:48:02 INFO: * Feature/Scenario: PLAYLASTRECORDING - Status: Not OK
2021/08/01 20:49:08 INFO: * Feature/Scenario: PLAYLASTRECORDING - Status: OK
2021/08/01 20:49:20 INFO: * Feature/Scenario: PAUSE - Status: OK
2021/08/01 20:49:50 INFO: * Feature/Scenario: PLAY - Status: OK
2021/08/01 20:50:05 INFO: * Feature/Scenario: GATHER - Status: OK
2021/08/01 20:50:18 INFO: * Feature/Scenario: HANGUP - Status: OK
2021/08/01 20:50:27 INFO: * Feature/Scenario: PING - Status: OK
2021/08/01 20:50:37 INFO: * Feature/Scenario: REDIRECT - Status: OK
2021/08/01 20:50:49 INFO: * Feature/Scenario: REJECT - Status: OK
2021/08/01 20:51:04 INFO: * Feature/Scenario: SAY - Status: OK
2021/08/01 20:51:18 INFO: * Feature/Scenario: SMS - Status: OK
2021/08/01 20:51:37 INFO: * Feature/Scenario: RECORD - Status: OK
2021/08/01 20:52:00 INFO: * Feature/Scenario: PLAYLASTRECORDING - Status: OK
2021/08/01 20:52:05 INFO: ...END OF TEST SUITE
2021/08/01 21:05:22 INFO: ****************************************
2021/08/01 21:05:22 INFO: START OF TEST SUITE
2021/08/01 21:05:22 INFO: Config: config/config.ini
2021/08/01 21:05:22 INFO: Number of Tries: 3
2021/08/01 21:05:22 INFO: Log: log/zarbat.log
2021/08/01 21:05:22 INFO: Tests: [playlastrecording]
2021/08/01 21:05:22 INFO: .........................................
2021/08/01 21:05:58 INFO: * Feature/Scenario: PLAYLASTRECORDING - Status: OK
2021/08/01 21:06:03 INFO: ...END OF TEST SUITE
2021/08/01 21:06:17 INFO: ****************************************
2021/08/01 21:06:17 INFO: START OF TEST SUITE
2021/08/01 21:06:17 INFO: Config: config/config.ini
2021/08/01 21:06:17 INFO: Number of Tries: 3
2021/08/01 21:06:17 INFO: Log: log/zarbat.log
2021/08/01 21:06:17 INFO: Tests: [playlastrecording][record]
2021/08/01 21:06:17 INFO: .........................................
2021/08/01 21:06:45 INFO: * Feature/Scenario: PLAYLASTRECORDING - Status: OK
2021/08/01 21:07:05 INFO: * Feature/Scenario: RECORD - Status: OK
2021/08/01 21:07:10 INFO: ...END OF TEST SUITE
2021/08/01 21:19:08 INFO: ****************************************
2021/08/01 21:19:08 INFO: START OF TEST SUITE
2021/08/01 21:19:08 INFO: Config: config/config.ini
2021/08/01 21:19:08 INFO: Number of Tries: 3
2021/08/01 21:19:08 INFO: Log: log/zarbat.log
2021/08/01 21:19:08 INFO: Tests: [playlastrecording][record][playlastrecording][record][playlastrecording][record][playlastrecording][record][playlastrecording][record]
2021/08/01 21:19:08 INFO: .........................................
2021/08/01 21:19:28 INFO: * Feature/Scenario: PLAYLASTRECORDING - Status: OK
2021/08/01 21:19:47 INFO: * Feature/Scenario: RECORD - Status: OK
2021/08/01 21:20:30 INFO: * Feature/Scenario: PLAYLASTRECORDING - Status: OK
2021/08/01 21:20:38 INFO: * Feature/Scenario: RECORD - Status: OK
2021/08/01 21:21:02 INFO: * Feature/Scenario: PLAYLASTRECORDING - Status: OK
2021/08/01 21:21:22 INFO: * Feature/Scenario: RECORD - Status: OK
2021/08/01 21:21:48 INFO: * Feature/Scenario: PLAYLASTRECORDING - Status: OK
2021/08/01 21:22:08 INFO: * Feature/Scenario: RECORD - Status: OK
2021/08/01 21:22:34 INFO: * Feature/Scenario: PLAYLASTRECORDING - Status: OK
2021/08/01 21:22:53 INFO: * Feature/Scenario: RECORD - Status: OK
2021/08/01 21:22:58 INFO: ...END OF TEST SUITE
2021/08/01 21:50:27 INFO: ****************************************
2021/08/01 21:50:27 INFO: START OF TEST SUITE
2021/08/01 21:50:27 INFO: Config: config/config.ini
2021/08/01 21:50:27 INFO: Number of Tries: 3
2021/08/01 21:50:27 INFO: Log: log/zarbat.log
2021/08/01 21:50:27 INFO: Tests: [number]
2021/08/01 21:50:27 INFO: .........................................
2021/08/01 21:56:51 INFO: ****************************************
2021/08/01 21:56:51 INFO: START OF TEST SUITE
2021/08/01 21:56:51 INFO: Config: config/config.ini
2021/08/01 21:56:51 INFO: Number of Tries: 3
2021/08/01 21:56:51 INFO: Log: log/zarbat.log
2021/08/01 21:56:51 INFO: Tests: [number]
2021/08/01 21:56:51 INFO: .........................................
2021/08/01 21:57:53 INFO: * Feature/Scenario: NUMBER - Status: Not OK
2021/08/01 21:58:53 INFO: ****************************************
2021/08/01 21:58:53 INFO: START OF TEST SUITE
2021/08/01 21:58:53 INFO: Config: config/config.ini
2021/08/01 21:58:53 INFO: Number of Tries: 3
2021/08/01 21:58:53 INFO: Log: log/zarbat.log
2021/08/01 21:58:53 INFO: Tests: [number]
2021/08/01 21:58:53 INFO: .........................................
2021/08/01 22:00:28 INFO: ****************************************
2021/08/01 22:00:28 INFO: START OF TEST SUITE
2021/08/01 22:00:28 INFO: Config: config/config.ini
2021/08/01 22:00:28 INFO: Number of Tries: 3
2021/08/01 22:00:28 INFO: Log: log/zarbat.log
2021/08/01 22:00:28 INFO: Tests: [number]
2021/08/01 22:00:28 INFO: .........................................
2021/08/01 22:01:31 INFO: * Feature/Scenario: NUMBER - Status: Not OK
2021/08/01 22:02:39 INFO: * Feature/Scenario: NUMBER - Status: Not OK
2021/08/01 22:03:46 INFO: * Feature/Scenario: NUMBER - Status: Not OK
2021/08/01 22:03:51 INFO: ...END OF TEST SUITE
2021/08/01 22:05:05 INFO: ****************************************
2021/08/01 22:05:05 INFO: START OF TEST SUITE
2021/08/01 22:05:05 INFO: Config: config/config.ini
2021/08/01 22:05:05 INFO: Number of Tries: 3
2021/08/01 22:05:05 INFO: Log: log/zarbat.log
2021/08/01 22:05:05 INFO: Tests: [number]
2021/08/01 22:05:05 INFO: .........................................
2021/08/01 22:06:08 INFO: * Feature/Scenario: NUMBER - Status: Not OK
2021/08/01 22:07:16 INFO: * Feature/Scenario: NUMBER - Status: Not OK
2021/08/01 22:08:23 INFO: * Feature/Scenario: NUMBER - Status: Not OK
2021/08/01 22:08:28 INFO: ...END OF TEST SUITE
2021/08/01 22:08:50 INFO: ****************************************
2021/08/01 22:08:50 INFO: START OF TEST SUITE
2021/08/01 22:08:50 INFO: Config: config/config.ini
2021/08/01 22:08:50 INFO: Number of Tries: 3
2021/08/01 22:08:50 INFO: Log: log/zarbat.log
2021/08/01 22:08:50 INFO: Tests: [number]
2021/08/01 22:08:50 INFO: .........................................
2021/08/01 22:09:53 INFO: * Feature/Scenario: NUMBER - Status: Not OK
2021/08/01 22:11:00 INFO: * Feature/Scenario: NUMBER - Status: Not OK
2021/08/01 22:11:49 INFO: ****************************************
2021/08/01 22:11:49 INFO: START OF TEST SUITE
2021/08/01 22:11:49 INFO: Config: config/config.ini
2021/08/01 22:11:49 INFO: Number of Tries: 3
2021/08/01 22:11:49 INFO: Log: log/zarbat.log
2021/08/01 22:11:49 INFO: Tests: [number]
2021/08/01 22:11:49 INFO: .........................................
2021/08/01 22:12:21 INFO: ****************************************
2021/08/01 22:12:21 INFO: START OF TEST SUITE
2021/08/01 22:12:21 INFO: Config: config/config.ini
2021/08/01 22:12:21 INFO: Number of Tries: 3
2021/08/01 22:12:21 INFO: Log: log/zarbat.log
2021/08/01 22:12:21 INFO: Tests: [number]
2021/08/01 22:12:21 INFO: .........................................
2021/08/01 22:13:24 INFO: * Feature/Scenario: NUMBER - Status: Not OK
2021/08/01 22:15:37 INFO: ****************************************
2021/08/01 22:15:37 INFO: START OF TEST SUITE
2021/08/01 22:15:37 INFO: Config: config/config.ini
2021/08/01 22:15:37 INFO: Number of Tries: 3
2021/08/01 22:15:37 INFO: Log: log/zarbat.log
2021/08/01 22:15:37 INFO: Tests: [number]
2021/08/01 22:15:37 INFO: .........................................
2021/08/01 22:16:40 INFO: * Feature/Scenario: NUMBER - Status: Not OK
2021/08/01 22:17:48 INFO: * Feature/Scenario: NUMBER - Status: Not OK
2021/08/01 22:18:55 INFO: * Feature/Scenario: NUMBER - Status: Not OK
2021/08/01 22:19:00 INFO: ...END OF TEST SUITE
2021/08/01 22:20:03 INFO: ****************************************
2021/08/01 22:20:03 INFO: START OF TEST SUITE
2021/08/01 22:20:03 INFO: Config: config/config.ini
2021/08/01 22:20:03 INFO: Number of Tries: 3
2021/08/01 22:20:03 INFO: Log: log/zarbat.log
2021/08/01 22:20:03 INFO: Tests: [number]
2021/08/01 22:20:03 INFO: .........................................
2021/08/01 22:20:18 INFO: * Feature/Scenario: NUMBER - Status: OK
2021/08/01 22:20:23 INFO: ...END OF TEST SUITE
2021/08/01 22:21:12 INFO: ****************************************
2021/08/01 22:21:12 INFO: START OF TEST SUITE
2021/08/01 22:21:12 INFO: Config: config/config.ini
2021/08/01 22:21:12 INFO: Number of Tries: 3
2021/08/01 22:21:12 INFO: Log: log/zarbat.log
2021/08/01 22:21:12 INFO: Tests: [number]
2021/08/01 22:21:12 INFO: .........................................
2021/08/01 22:21:24 INFO: * Feature/Scenario: NUMBER - Status: OK
2021/08/01 22:21:29 INFO: ...END OF TEST SUITE
2021/08/01 22:21:53 INFO: ****************************************
2021/08/01 22:21:53 INFO: START OF TEST SUITE
2021/08/01 22:21:53 INFO: Config: config/config.ini
2021/08/01 22:21:53 INFO: Number of Tries: 3
2021/08/01 22:21:53 INFO: Log: log/zarbat.log
2021/08/01 22:21:53 INFO: Tests: [number]
2021/08/01 22:21:53 INFO: .........................................
2021/08/01 22:22:05 INFO: * Feature/Scenario: NUMBER - Status: OK
2021/08/01 22:22:10 INFO: ...END OF TEST SUITE
