2021/07/29 23:22:33 ****************************************
2021/07/29 23:22:33 START OF TEST SUITE
2021/07/29 23:22:33 Config: config/config.ini
2021/07/29 23:22:33 Number of Tries: 3
2021/07/29 23:22:33 Log: log/zarbat.log
2021/07/29 23:22:33 Tests: 
2021/07/29 23:22:33 .........................................
2021/07/29 23:22:57 * Feature/Scenario: DIAL - Status: OK
2021/07/29 23:23:10 * Feature/Scenario: HANGUP - Status: OK
2021/07/29 23:24:06 * Feature/Scenario: PAUSE - Status: Not OK
2021/07/29 23:25:02 * Feature/Scenario: PAUSE - Status: Not OK
2021/07/29 23:25:59 * Feature/Scenario: PAUSE - Status: Not OK
2021/07/29 23:26:08 * Feature/Scenario: PING - Status: OK
2021/07/29 23:26:39 * Feature/Scenario: PLAY - Status: OK
2021/07/29 23:26:54 * Feature/Scenario: REJECT - Status: OK
2021/07/29 23:27:13 * Feature/Scenario: SAY - Status: OK
2021/07/29 23:27:23 * Feature/Scenario: SMS - Status: OK
2021/07/29 23:27:28 ...END OF TEST SUITE
2021/07/29 23:29:40 ****************************************
2021/07/29 23:29:40 START OF TEST SUITE
2021/07/29 23:29:40 Config: config/config.ini
2021/07/29 23:29:40 Number of Tries: 3
2021/07/29 23:29:40 Log: log/zarbat.log
2021/07/29 23:29:40 Tests: [play]
2021/07/29 23:29:40 .........................................
2021/07/29 23:30:06 * Feature/Scenario: PLAY - Status: OK
2021/07/29 23:30:11 ...END OF TEST SUITE
2021/07/29 23:42:06 ****************************************
2021/07/29 23:42:06 START OF TEST SUITE
2021/07/29 23:42:06 Config: config/config.ini
2021/07/29 23:42:06 Number of Tries: 3
2021/07/29 23:42:06 Log: log/zarbat.log
2021/07/29 23:42:06 Tests: [record]
2021/07/29 23:42:06 .........................................
2021/07/29 23:42:31 * Feature/Scenario: RECORD - Status: OK
2021/07/29 23:42:36 ...END OF TEST SUITE
2021/07/30 08:56:17 ****************************************
2021/07/30 08:56:17 START OF TEST SUITE
2021/07/30 08:56:17 Config: config/config.ini
2021/07/30 08:56:17 Number of Tries: 3
2021/07/30 08:56:17 Log: log/zarbat.log
2021/07/30 08:56:17 Tests: [hangup]
2021/07/30 08:56:17 .........................................
2021/07/30 08:56:25 * Feature/Scenario: HANGUP - Status: OK
2021/07/30 08:56:30 ...END OF TEST SUITE
2021/07/30 08:56:48 ****************************************
2021/07/30 08:56:48 START OF TEST SUITE
2021/07/30 08:56:48 Config: config/config.ini
2021/07/30 08:56:48 Number of Tries: 3
2021/07/30 08:56:48 Log: log/zarbat.log
2021/07/30 08:56:48 Tests: [hangup]
2021/07/30 08:56:48 .........................................
2021/07/30 08:56:56 * Feature/Scenario: HANGUP - Status: OK
2021/07/30 08:57:01 ...END OF TEST SUITE
